00:00:00.681602 VirtualBox GUI VM Selector Window 6.1.6_Ubuntu r137129 linux.amd64 (Apr 15 2020 15:48:44) release log
00:00:00.681604 Log opened 2020-05-08T19:13:33.492975000Z
00:00:00.681605 Build Type: release
00:00:00.681609 OS Product: Linux
00:00:00.681610 OS Release: 5.4.0-29-generic
00:00:00.681611 OS Version: #33-Ubuntu SMP Wed Apr 29 14:32:27 UTC 2020
00:00:00.681639 DMI Product Name: Swift SF314-56
00:00:00.681647 DMI Product Version: V1.06
00:00:00.681655 Firmware type: UEFI
00:00:00.682348 Secure Boot: Disabled
00:00:00.682397 Host RAM: 7816MB (7.6GB) total, 6688MB (6.5GB) available
00:00:00.682407 Executable: /usr/lib/virtualbox/VirtualBox
00:00:00.682408 Process ID: 2040
00:00:00.682408 Package type: LINUX_64BITS_GENERIC (OSE)
00:00:00.682444 Qt version: 5.12.8
00:00:00.705200 GUI: UIMediumEnumerator: Medium-enumeration started...
00:00:01.188466 GUI: UIDesktopWidgetWatchdog::sltHandleHostScreenAvailableGeometryCalculated: Screen 0 work area is actually resized to: 0x0 x 1920x1044
00:00:01.232868 GUI: UIMediumEnumerator: Medium-enumeration finished!
00:00:08.205496 GUI: UIMediumEnumerator: Medium-enumeration finished!
00:09:41.629863 GUI: UIMediumEnumerator: Medium-enumeration finished!
00:09:42.274473 GUI: UIMediumEnumerator: Medium-enumeration finished!
00:09:42.288994 GUI: UIMediumEnumerator: Medium-enumeration finished!
00:10:04.439662 GUI: UIMediumEnumerator: Medium-enumeration finished!
